<?xml version="1.0" encoding="UTF-8"?>
<!-- Generated by org.testng.reporters.JUnitXMLReporter -->
<testsuite ignored="4" hostname="LTIN227106" failures="0" tests="7" name="Test" time="215.739" errors="0" timestamp="2024-02-09T16:11:29 IST">
  <testcase classname="testCases.TC_001_UpcomingBikes" name="test_UpcomingBikes" time="60.762"/>
  <testcase classname="testCases.TC_001_UpcomingBikes" name="excel1Bikes" time="44.741"/>
  <testcase classname="testCases.TC_002_UsedCars" name="test_UsedCarsInChennai" time="37.374"/>
  <testcase classname="testCases.TC_002_UsedCars" name="excel2PopularModels" time="7.103"/>
  <testcase classname="testCases.TC_003_Login" name="test_Login" time="10.566"/>
  <testcase classname="testCases.TC_003_Login" name="test_navigateGoogle" time="6.737"/>
  <testcase classname="testCases.TC_003_Login" name="excel3ErrorMsg" time="0.128"/>
  <testcase classname="testBase.BaseClass" name="@BeforeTest setup" time="0.0">
    <ignored/>
  </testcase> <!-- @BeforeTest setup -->
  <testcase classname="testBase.BaseClass" name="@AfterTest teardown" time="0.0">
    <ignored/>
  </testcase> <!-- @AfterTest teardown -->
  <testcase classname="testBase.BaseClass" name="@BeforeTest setup" time="0.0">
    <ignored/>
  </testcase> <!-- @BeforeTest setup -->
  <testcase classname="testBase.BaseClass" name="@AfterTest teardown" time="0.0">
    <ignored/>
  </testcase> <!-- @AfterTest teardown -->
</testsuite> <!-- Test -->
