<?xml version="1.0" encoding="UTF-8"?>
<!-- Generated by org.testng.reporters.JUnitXMLReporter -->
<testsuite ignored="4" hostname="LTIN227106" failures="0" tests="6" name="Test" time="182.277" errors="0" timestamp="2024-02-07T13:19:20 IST">
  <testcase classname="testCases.TC_001_UpcomingBikes" name="test_UpcomingBikes" time="49.672"/>
  <testcase classname="testCases.TC_001_UpcomingBikes" name="excel1Bikes" time="16.635"/>
  <testcase classname="testCases.TC_002_UsedCars" name="test_UsedCarsInChennai" time="26.77"/>
  <testcase classname="testCases.TC_002_UsedCars" name="excel2PopularModels" time="6.642"/>
  <testcase classname="testCases.TC_003_Login" name="test_Login" time="13.019"/>
  <testcase classname="testCases.TC_003_Login" name="excel3ErrorMsg" time="0.182"/>
  <testcase classname="testBase.BaseClass" name="@AfterTest teardown" time="0.0">
    <ignored/>
  </testcase> <!-- @AfterTest teardown -->
  <testcase classname="testBase.BaseClass" name="@AfterTest teardown" time="0.0">
    <ignored/>
  </testcase> <!-- @AfterTest teardown -->
  <testcase classname="testBase.BaseClass" name="@BeforeTest setup" time="0.0">
    <ignored/>
  </testcase> <!-- @BeforeTest setup -->
  <testcase classname="testBase.BaseClass" name="@BeforeTest setup" time="0.0">
    <ignored/>
  </testcase> <!-- @BeforeTest setup -->
</testsuite> <!-- Test -->
