<?xml version="1.0" encoding="UTF-8"?>
<testsuite xmlns:xsi="http://www.w3.org/2001/XMLSchema-instance" xsi:noNamespaceSchemaLocation="https://maven.apache.org/surefire/maven-surefire-plugin/xsd/surefire-test-report-3.0.xsd" version="3.0" name="TestSuite" time="196.836" tests="6" errors="0" skipped="0" failures="0">
  <properties>
[...]
</properties>
  <testcase name="test_UpcomingBikes" classname="testCases.TC_001_UpcomingBikes" time="50.069">
    <system-out><![CDATA['Upcoming Bikes' is present
Upcoming Bikes page has opened
In manufacturer'Honda' is present
Upcoming Honda Bikes page has opened
'View More Bikes' is present
]]></system-out>
    <system-err><![CDATA[Feb 07, 2024 1:16:24 PM org.openqa.selenium.devtools.CdpVersionFinder findNearestMatch
WARNING: Unable to find an exact match for CDP version 121, returning the closest version; found: 120; Please update to a Selenium version that supports CDP version 121
]]></system-err>
  </testcase>
  <testcase name="excel1Bikes" classname="testCases.TC_001_UpcomingBikes" time="17.151">
    <system-out><![CDATA[Upcoming new Honda bikes which prices are less than 4 lac....
[Honda CRF300L, 330000.0, Launch Date : Mar 2024]
[Honda Activa Electric, 110000.0, Launch Date : Mar 2024]
[Honda Forza 350, 370000.0, Launch Date : Mar 2024]
[Honda CB350 Cruiser, 230000.0, Launch Date : Mar 2024]
[Honda Activa 7G, 79000.0, Launch Date : Apr 2024]
[Honda PCX160, 120000.0, Launch Date : Jun 2024]
[Honda CBR150R, 170000.0, Launch Date : Unrevealed]
[Honda Rebel 300, 230000.0, Launch Date : Unrevealed]
Zigwheels Home page has again opened
]]></system-out>
  </testcase>
  <testcase name="test_UsedCarsInChennai" classname="testCases.TC_002_UsedCars" time="27.367">
    <system-out><![CDATA[In Used Cars 'Chennai' is present
]]></system-out>
  </testcase>
  <testcase name="excel2PopularModels" classname="testCases.TC_002_UsedCars" time="7.219">
    <system-out><![CDATA[For Used cars in Chennai, all the popular models are....
Maruti 800
Maruti Swift Dzire
Maruti Swift
Hyundai I10
Hyundai Santro Xing
Honda City
Toyota Innova
Toyota Fortuner
Mahindra XUV500
Zigwheels Home page has again opened
]]></system-out>
  </testcase>
  <testcase name="test_Login" classname="testCases.TC_003_Login" time="13.157">
    <system-out><![CDATA['Login/Signup' is present
'Google' is present
]]></system-out>
  </testcase>
  <testcase name="excel3ErrorMsg" classname="testCases.TC_003_Login" time="0.317">
    <system-out><![CDATA[The Error message because of invalid email....
Couldn’t find your Google Account
]]></system-out>
  </testcase>
</testsuite>