<?xml version="1.0" encoding="UTF-8"?>
<testng-results ignored="0" total="6" passed="6" failed="0" skipped="0">
  <reporter-output>
  </reporter-output>
  <suite started-at="2024-02-07T13:16:06 IST" name="Suite" finished-at="2024-02-07T13:19:09 IST" duration-ms="182277">
    <groups>
    </groups>
    <test started-at="2024-02-07T13:16:06 IST" name="Test" finished-at="2024-02-07T13:19:09 IST" duration-ms="182277">
      <class name="testCases.TC_003_Login">
        <test-method signature="test_Login()[pri:5, instance:testCases.TC_003_Login@768ccdc5]" started-at="2024-02-07T13:18:53 IST" name="test_Login" finished-at="2024-02-07T13:19:06 IST" duration-ms="13019" status="PASS">
          <reporter-output>
          </reporter-output>
        </test-method> <!-- test_Login -->
        <test-method signature="excel3ErrorMsg()[pri:6, instance:testCases.TC_003_Login@768ccdc5]" started-at="2024-02-07T13:19:06 IST" name="excel3ErrorMsg" finished-at="2024-02-07T13:19:07 IST" duration-ms="182" status="PASS">
          <reporter-output>
          </reporter-output>
        </test-method> <!-- excel3ErrorMsg -->
      </class> <!-- testCases.TC_003_Login -->
      <class name="testCases.TC_001_UpcomingBikes">
        <test-method is-config="true" signature="setup(java.lang.String,java.lang.String)[pri:0, instance:testCases.TC_001_UpcomingBikes@58670130]" started-at="2024-02-07T13:16:07 IST" name="setup" finished-at="2024-02-07T13:17:11 IST" duration-ms="64405" status="PASS">
          <params>
            <param index="0">
              <value>
                <![CDATA[Windows]]>
              </value>
            </param>
            <param index="1">
              <value>
                <![CDATA[edge]]>
              </value>
            </param>
          </params>
          <reporter-output>
          </reporter-output>
        </test-method> <!-- setup -->
        <test-method signature="test_UpcomingBikes()[pri:1, instance:testCases.TC_001_UpcomingBikes@58670130]" started-at="2024-02-07T13:17:11 IST" name="test_UpcomingBikes" finished-at="2024-02-07T13:18:01 IST" duration-ms="49672" status="PASS">
          <reporter-output>
          </reporter-output>
        </test-method> <!-- test_UpcomingBikes -->
        <test-method signature="excel1Bikes()[pri:2, instance:testCases.TC_001_UpcomingBikes@58670130]" started-at="2024-02-07T13:18:02 IST" name="excel1Bikes" finished-at="2024-02-07T13:18:18 IST" duration-ms="16635" status="PASS">
          <reporter-output>
          </reporter-output>
        </test-method> <!-- excel1Bikes -->
        <test-method is-config="true" signature="teardown()[pri:0, instance:testCases.TC_001_UpcomingBikes@58670130]" started-at="2024-02-07T13:19:07 IST" name="teardown" finished-at="2024-02-07T13:19:09 IST" duration-ms="2006" status="PASS">
          <reporter-output>
          </reporter-output>
        </test-method> <!-- teardown -->
      </class> <!-- testCases.TC_001_UpcomingBikes -->
      <class name="testCases.TC_002_UsedCars">
        <test-method signature="test_UsedCarsInChennai()[pri:3, instance:testCases.TC_002_UsedCars@1991f767]" started-at="2024-02-07T13:18:19 IST" name="test_UsedCarsInChennai" finished-at="2024-02-07T13:18:45 IST" duration-ms="26770" status="PASS">
          <reporter-output>
          </reporter-output>
        </test-method> <!-- test_UsedCarsInChennai -->
        <test-method signature="excel2PopularModels()[pri:4, instance:testCases.TC_002_UsedCars@1991f767]" started-at="2024-02-07T13:18:46 IST" name="excel2PopularModels" finished-at="2024-02-07T13:18:53 IST" duration-ms="6642" status="PASS">
          <reporter-output>
          </reporter-output>
        </test-method> <!-- excel2PopularModels -->
      </class> <!-- testCases.TC_002_UsedCars -->
    </test> <!-- Test -->
  </suite> <!-- Suite -->
</testng-results>
