<?xml version="1.0" encoding="UTF-8"?>
<testng-results ignored="0" total="7" passed="7" failed="0" skipped="0">
  <reporter-output>
  </reporter-output>
  <suite started-at="2024-02-09T16:07:42 IST" name="Suite" finished-at="2024-02-09T16:11:18 IST" duration-ms="215739">
    <groups>
      <group name="regression">
        <method signature="TC_001_UpcomingBikes.test_UpcomingBikes()[pri:1, instance:testCases.TC_001_UpcomingBikes@4acf72b6]" name="test_UpcomingBikes" class="testCases.TC_001_UpcomingBikes"/>
        <method signature="TC_001_UpcomingBikes.excel1Bikes()[pri:2, instance:testCases.TC_001_UpcomingBikes@4acf72b6]" name="excel1Bikes" class="testCases.TC_001_UpcomingBikes"/>
        <method signature="TC_002_UsedCars.test_UsedCarsInChennai()[pri:3, instance:testCases.TC_002_UsedCars@36dce7ed]" name="test_UsedCarsInChennai" class="testCases.TC_002_UsedCars"/>
        <method signature="TC_002_UsedCars.excel2PopularModels()[pri:4, instance:testCases.TC_002_UsedCars@36dce7ed]" name="excel2PopularModels" class="testCases.TC_002_UsedCars"/>
        <method signature="TC_003_Login.test_Login()[pri:5, instance:testCases.TC_003_Login@47a64f7d]" name="test_Login" class="testCases.TC_003_Login"/>
        <method signature="TC_003_Login.test_navigateGoogle()[pri:6, instance:testCases.TC_003_Login@47a64f7d]" name="test_navigateGoogle" class="testCases.TC_003_Login"/>
        <method signature="TC_003_Login.excel3ErrorMsg()[pri:7, instance:testCases.TC_003_Login@47a64f7d]" name="excel3ErrorMsg" class="testCases.TC_003_Login"/>
      </group> <!-- regression -->
      <group name="sanity">
        <method signature="TC_001_UpcomingBikes.test_UpcomingBikes()[pri:1, instance:testCases.TC_001_UpcomingBikes@4acf72b6]" name="test_UpcomingBikes" class="testCases.TC_001_UpcomingBikes"/>
        <method signature="TC_002_UsedCars.test_UsedCarsInChennai()[pri:3, instance:testCases.TC_002_UsedCars@36dce7ed]" name="test_UsedCarsInChennai" class="testCases.TC_002_UsedCars"/>
        <method signature="TC_003_Login.test_Login()[pri:5, instance:testCases.TC_003_Login@47a64f7d]" name="test_Login" class="testCases.TC_003_Login"/>
      </group> <!-- sanity -->
    </groups>
    <test started-at="2024-02-09T16:07:42 IST" name="Test" finished-at="2024-02-09T16:11:18 IST" duration-ms="215739">
      <class name="testCases.TC_003_Login">
        <test-method signature="test_Login()[pri:5, instance:testCases.TC_003_Login@47a64f7d]" started-at="2024-02-09T16:10:59 IST" name="test_Login" finished-at="2024-02-09T16:11:09 IST" duration-ms="10566" status="PASS">
          <reporter-output>
          </reporter-output>
        </test-method> <!-- test_Login -->
        <test-method signature="test_navigateGoogle()[pri:6, instance:testCases.TC_003_Login@47a64f7d]" started-at="2024-02-09T16:11:10 IST" name="test_navigateGoogle" finished-at="2024-02-09T16:11:16 IST" duration-ms="6737" status="PASS">
          <reporter-output>
          </reporter-output>
        </test-method> <!-- test_navigateGoogle -->
        <test-method signature="excel3ErrorMsg()[pri:7, instance:testCases.TC_003_Login@47a64f7d]" started-at="2024-02-09T16:11:16 IST" name="excel3ErrorMsg" finished-at="2024-02-09T16:11:17 IST" duration-ms="128" status="PASS">
          <reporter-output>
          </reporter-output>
        </test-method> <!-- excel3ErrorMsg -->
      </class> <!-- testCases.TC_003_Login -->
      <class name="testCases.TC_001_UpcomingBikes">
        <test-method is-config="true" signature="setup(java.lang.String,java.lang.String)[pri:0, instance:testCases.TC_001_UpcomingBikes@4acf72b6]" started-at="2024-02-09T16:07:43 IST" name="setup" finished-at="2024-02-09T16:08:27 IST" duration-ms="44227" status="PASS">
          <params>
            <param index="0">
              <value>
                <![CDATA[Windows]]>
              </value>
            </param>
            <param index="1">
              <value>
                <![CDATA[edge]]>
              </value>
            </param>
          </params>
          <reporter-output>
          </reporter-output>
        </test-method> <!-- setup -->
        <test-method signature="test_UpcomingBikes()[pri:1, instance:testCases.TC_001_UpcomingBikes@4acf72b6]" started-at="2024-02-09T16:08:27 IST" name="test_UpcomingBikes" finished-at="2024-02-09T16:09:28 IST" duration-ms="60762" status="PASS">
          <reporter-output>
          </reporter-output>
        </test-method> <!-- test_UpcomingBikes -->
        <test-method signature="excel1Bikes()[pri:2, instance:testCases.TC_001_UpcomingBikes@4acf72b6]" started-at="2024-02-09T16:09:28 IST" name="excel1Bikes" finished-at="2024-02-09T16:10:13 IST" duration-ms="44741" status="PASS">
          <reporter-output>
          </reporter-output>
        </test-method> <!-- excel1Bikes -->
        <test-method is-config="true" signature="teardown()[pri:0, instance:testCases.TC_001_UpcomingBikes@4acf72b6]" started-at="2024-02-09T16:11:17 IST" name="teardown" finished-at="2024-02-09T16:11:18 IST" duration-ms="1332" status="PASS">
          <reporter-output>
          </reporter-output>
        </test-method> <!-- teardown -->
      </class> <!-- testCases.TC_001_UpcomingBikes -->
      <class name="testCases.TC_002_UsedCars">
        <test-method signature="test_UsedCarsInChennai()[pri:3, instance:testCases.TC_002_UsedCars@36dce7ed]" started-at="2024-02-09T16:10:13 IST" name="test_UsedCarsInChennai" finished-at="2024-02-09T16:10:51 IST" duration-ms="37374" status="PASS">
          <reporter-output>
          </reporter-output>
        </test-method> <!-- test_UsedCarsInChennai -->
        <test-method signature="excel2PopularModels()[pri:4, instance:testCases.TC_002_UsedCars@36dce7ed]" started-at="2024-02-09T16:10:51 IST" name="excel2PopularModels" finished-at="2024-02-09T16:10:58 IST" duration-ms="7103" status="PASS">
          <reporter-output>
          </reporter-output>
        </test-method> <!-- excel2PopularModels -->
      </class> <!-- testCases.TC_002_UsedCars -->
    </test> <!-- Test -->
  </suite> <!-- Suite -->
</testng-results>
